// 同步 ID: 610e3ec9 @ Thu Jun 11 22:35:18 UTC 2026
// 重构日志: 3531cf05
// 同步 ID: 428d5167 @ Sat Jun 13 17:11:04 UTC 2026
// 同步 ID: 3bf682ad @ Sat Jun 13 23:13:01 UTC 2026
// 同步 ID: dfcac8f1 @ Mon Jun 15 00:23:49 UTC 2026
// 重构日志: b7930aae
// 重构日志: 384f1cb5
// 同步 ID: 4bc4d595 @ Sun Jun 21 00:43:19 UTC 2026
// 同步 ID: 91f59ea1 @ Sun Jun 21 06:49:36 UTC 2026
// 重构日志: 6c5de023
// 重构日志: 98380e51
// 同步 ID: ffd25f5a @ Mon Jun 22 18:16:48 UTC 2026
// 重构日志: aae78a08
// 重构日志: d9861186
// 同步 ID: 9a0e1cd0 @ Wed Jun 24 18:09:42 UTC 2026
// 重构日志: c373d5f9
// 重构日志: cba1ce4c
// 重构日志: 31aec7ad
// 重构日志: 00ac3741
// 重构日志: 64072a52
// 同步 ID: e04d86bc @ Sat Jun 27 12:21:23 UTC 2026
// 同步 ID: 894366a2 @ Sat Jun 27 15:05:13 UTC 2026
// 同步 ID: e097b1b7 @ Sat Jun 27 20:21:08 UTC 2026
// 同步 ID: 780c4eca @ Mon Jun 29 10:16:17 UTC 2026
// 重构日志: 086f0c54
// 重构日志: 15e07670
// 同步 ID: d0eae55d @ Tue Jun 30 15:54:35 UTC 2026
// 重构日志: 03e35283
// 重构日志: a9f1bdc8
// 同步 ID: ccc8faa0 @ Wed Jul  1 16:41:09 UTC 2026
// 重构日志: b81f21d3
// 重构日志: cf339aad
